<?xml version="1.0" encoding="UTF-8"?>
<coverage generated="1667874868590" clover="4.4.1">
   <project name="openclover-maven 1.0-SNAPSHOT" timestamp="1667874864940">
      <metrics coveredelements="4" complexity="4" loc="54" methods="4" classes="3" statements="3" packages="1" coveredconditionals="0" coveredmethods="2" elements="7" ncloc="39" files="3" conditionals="0" coveredstatements="2"/>
      <package name="br.com.tadashera.openclover">
         <metrics coveredelements="4" complexity="4" loc="54" methods="4" classes="3" statements="3" coveredconditionals="0" coveredmethods="2" elements="7" ncloc="39" files="3" conditionals="0" coveredstatements="2"/>
         <file path="/Users/tadashera/dev/repo/openclover-maven/src/main/java/br/com/tadashera/openclover/Application.java" name="Application.java">
            <metrics coveredelements="2" coveredconditionals="0" complexity="1" loc="15" coveredmethods="1" methods="1" elements="2" classes="1" ncloc="11" statements="1" conditionals="0" coveredstatements="1"/>
            <class name="Application">
               <metrics coveredelements="2" coveredconditionals="0" complexity="1" coveredmethods="1" methods="1" elements="2" statements="1" conditionals="0" coveredstatements="1"/>
            </class>
            <line complexity="1" visibility="public" signature="main(String[]) : void" num="6" count="1" type="method"/>
            <line num="7" count="1" type="stmt"/>
         </file>
         <file path="/Users/tadashera/dev/repo/openclover-maven/src/main/java/br/com/tadashera/openclover/HalfCodeCoverage.java" name="HalfCodeCoverage.java">
            <metrics coveredelements="2" coveredconditionals="0" complexity="2" loc="11" coveredmethods="1" methods="2" elements="4" classes="1" ncloc="9" statements="2" conditionals="0" coveredstatements="1"/>
            <class name="HalfCodeCoverage">
               <metrics coveredelements="2" coveredconditionals="0" complexity="2" coveredmethods="1" methods="2" elements="4" statements="2" conditionals="0" coveredstatements="1"/>
            </class>
            <line complexity="1" visibility="public" signature="main(String[]) : void" num="4" count="1" type="method"/>
            <line num="5" count="1" type="stmt"/>
            <line complexity="1" visibility="public" signature="noCodeCoverageMethod() : void" num="8" count="0" type="method"/>
            <line num="9" count="0" type="stmt"/>
         </file>
         <file path="/Users/tadashera/dev/repo/openclover-maven/src/main/java/br/com/tadashera/openclover/NoCodeCoverage.java" name="NoCodeCoverage.java">
            <metrics coveredelements="0" coveredconditionals="0" complexity="1" loc="28" coveredmethods="0" methods="1" elements="1" classes="1" ncloc="19" statements="0" conditionals="0" coveredstatements="0"/>
            <class name="NoCodeCoverage">
               <metrics coveredelements="0" coveredconditionals="0" complexity="1" coveredmethods="0" methods="1" elements="1" statements="0" conditionals="0" coveredstatements="0"/>
            </class>
            <line complexity="1" visibility="public" signature="main(String[]) : void" num="6" count="0" type="method"/>
         </file>
      </package>
   </project>
   <testproject name="openclover-maven 1.0-SNAPSHOT" timestamp="1667874864940">
      <metrics coveredelements="4" complexity="2" loc="23" methods="2" classes="2" statements="2" packages="1" coveredconditionals="0" coveredmethods="2" elements="4" ncloc="16" files="2" conditionals="0" coveredstatements="2"/>
      <package name="br.com.tadashera.openclover">
         <metrics coveredelements="4" complexity="2" loc="23" methods="2" classes="2" statements="2" coveredconditionals="0" coveredmethods="2" elements="4" ncloc="16" files="2" conditionals="0" coveredstatements="2"/>
         <file path="/Users/tadashera/dev/repo/openclover-maven/src/test/java/br/com/tadashera/openclover/ApplicationTest.java" name="ApplicationTest.java">
            <metrics coveredelements="2" coveredconditionals="0" complexity="1" loc="12" coveredmethods="1" methods="1" elements="2" classes="1" ncloc="8" statements="1" conditionals="0" coveredstatements="1"/>
            <class name="ApplicationTest">
               <metrics coveredelements="2" complexity="1" methods="1" testruns="1" statements="1" coveredconditionals="0" coveredmethods="1" elements="2" testfailures="0" testduration="0.004" conditionals="0" coveredstatements="1" testpasses="1"/>
            </class>
            <line complexity="1" visibility="public" signature="printExecution() : void" num="8" testsuccess="true" count="1" testduration="0.004" type="method"/>
            <line num="10" count="1" type="stmt"/>
         </file>
         <file path="/Users/tadashera/dev/repo/openclover-maven/src/test/java/br/com/tadashera/openclover/HalfCodeCoverageTest.java" name="HalfCodeCoverageTest.java">
            <metrics coveredelements="2" coveredconditionals="0" complexity="1" loc="11" coveredmethods="1" methods="1" elements="2" classes="1" ncloc="8" statements="1" conditionals="0" coveredstatements="1"/>
            <class name="HalfCodeCoverageTest">
               <metrics coveredelements="2" complexity="1" methods="1" testruns="1" statements="1" coveredconditionals="0" coveredmethods="1" elements="2" testfailures="0" testduration="0.001" conditionals="0" coveredstatements="1" testpasses="1"/>
            </class>
            <line complexity="1" visibility="public" signature="shouldPrint() : void" num="7" testsuccess="true" count="1" testduration="0.001" type="method"/>
            <line num="9" count="1" type="stmt"/>
         </file>
      </package>
   </testproject>
</coverage>